{"message":"Server is running on port 8080\n","timestamp":"04-06 12:55:26 +00:00","type":"out","process_id":0,"app_name":"smart_lamp"}
{"message":"Connected to MQTT broker...\n","timestamp":"04-06 12:55:26 +00:00","type":"out","process_id":0,"app_name":"smart_lamp"}
{"message":"Server successfully subscribed to topic : smart-lamp/device\n","timestamp":"04-06 12:55:26 +00:00","type":"out","process_id":0,"app_name":"smart_lamp"}
{"message":"Waiting for MQTT messages...\n","timestamp":"04-06 12:55:26 +00:00","type":"out","process_id":0,"app_name":"smart_lamp"}
{"message":"Lamp state updated\n","timestamp":"04-06 12:55:27 +00:00","type":"out","process_id":0,"app_name":"smart_lamp"}
{"message":"user with ip 103.100.175.220 connected\n","timestamp":"04-06 12:58:38 +00:00","type":"out","process_id":0,"app_name":"smart_lamp"}
{"message":"user with ip 103.100.175.220 disconnected\n","timestamp":"04-06 13:03:10 +00:00","type":"out","process_id":0,"app_name":"smart_lamp"}
{"message":"user with ip 103.100.175.249 connected\n","timestamp":"04-06 13:04:01 +00:00","type":"out","process_id":0,"app_name":"smart_lamp"}
{"message":"user with ip 103.100.175.249 disconnected\n","timestamp":"04-06 13:18:14 +00:00","type":"out","process_id":0,"app_name":"smart_lamp"}
{"message":"user with ip 103.100.175.242 connected\n","timestamp":"04-06 13:18:16 +00:00","type":"out","process_id":0,"app_name":"smart_lamp"}
{"message":"user with ip 103.100.175.242 disconnected\n","timestamp":"04-06 13:24:55 +00:00","type":"out","process_id":0,"app_name":"smart_lamp"}
{"message":"Server is running on port 3001\n","timestamp":"04-06 13:49:08 +00:00","type":"out","process_id":0,"app_name":"smart_lamp"}
{"message":"Connected to MQTT broker...\n","timestamp":"04-06 13:49:08 +00:00","type":"out","process_id":0,"app_name":"smart_lamp"}
{"message":"Server successfully subscribed to topic : smart-lamp/device\n","timestamp":"04-06 13:49:08 +00:00","type":"out","process_id":0,"app_name":"smart_lamp"}
{"message":"Waiting for MQTT messages...\n","timestamp":"04-06 13:49:08 +00:00","type":"out","process_id":0,"app_name":"smart_lamp"}
{"message":"Lamp state updated\n","timestamp":"04-06 13:49:09 +00:00","type":"out","process_id":0,"app_name":"smart_lamp"}
{"message":"user with ip 127.0.0.1 connected\n","timestamp":"04-06 13:49:17 +00:00","type":"out","process_id":0,"app_name":"smart_lamp"}
{"message":"user with ip 127.0.0.1 disconnected\n","timestamp":"04-06 14:02:12 +00:00","type":"out","process_id":0,"app_name":"smart_lamp"}
{"message":"user with ip 127.0.0.1 connected\n","timestamp":"04-06 14:02:52 +00:00","type":"out","process_id":0,"app_name":"smart_lamp"}
{"message":"Message received from topic smart-lamp/device\n","timestamp":"04-06 14:05:04 +00:00","type":"out","process_id":0,"app_name":"smart_lamp"}
{"message":"Message : { device_id: '1', state: true, trigger: 'user', full_control: false }\n","timestamp":"04-06 14:05:04 +00:00","type":"out","process_id":0,"app_name":"smart_lamp"}
{"message":"Time : 6/4/2024, 2:05:04 PM\n","timestamp":"04-06 14:05:04 +00:00","type":"out","process_id":0,"app_name":"smart_lamp"}
{"message":"point : me {\n  tags: { device_id: '1' },\n  fields: { state: 'T', trigger: '\"user\"', full_control: 'F' },\n  name: 'lamp_state',\n  time: 1717509904000\n}\n","timestamp":"04-06 14:05:04 +00:00","type":"out","process_id":0,"app_name":"smart_lamp"}
{"message":"lamp_state\n","timestamp":"04-06 14:05:04 +00:00","type":"out","process_id":0,"app_name":"smart_lamp"}
{"message":"Lamp state updated\n","timestamp":"04-06 14:05:05 +00:00","type":"out","process_id":0,"app_name":"smart_lamp"}
{"message":"Message received from topic smart-lamp/device\n","timestamp":"04-06 14:05:57 +00:00","type":"out","process_id":0,"app_name":"smart_lamp"}
{"message":"Message : { device_id: '1', state: false, trigger: 'user', full_control: false }\n","timestamp":"04-06 14:05:57 +00:00","type":"out","process_id":0,"app_name":"smart_lamp"}
{"message":"Time : 6/4/2024, 2:05:57 PM\n","timestamp":"04-06 14:05:57 +00:00","type":"out","process_id":0,"app_name":"smart_lamp"}
{"message":"point : me {\n  tags: { device_id: '1' },\n  fields: { state: 'F', trigger: '\"user\"', full_control: 'F' },\n  name: 'lamp_state',\n  time: 1717509957000\n}\n","timestamp":"04-06 14:05:57 +00:00","type":"out","process_id":0,"app_name":"smart_lamp"}
{"message":"lamp_state\n","timestamp":"04-06 14:05:57 +00:00","type":"out","process_id":0,"app_name":"smart_lamp"}
{"message":"Lamp state updated\n","timestamp":"04-06 14:05:58 +00:00","type":"out","process_id":0,"app_name":"smart_lamp"}
{"message":"Message received from topic smart-lamp/device\n","timestamp":"04-06 14:06:03 +00:00","type":"out","process_id":0,"app_name":"smart_lamp"}
{"message":"Message : { device_id: '1', state: true, trigger: 'user', full_control: false }\n","timestamp":"04-06 14:06:03 +00:00","type":"out","process_id":0,"app_name":"smart_lamp"}
{"message":"Time : 6/4/2024, 2:06:03 PM\n","timestamp":"04-06 14:06:03 +00:00","type":"out","process_id":0,"app_name":"smart_lamp"}
{"message":"point : me {\n  tags: { device_id: '1' },\n  fields: { state: 'T', trigger: '\"user\"', full_control: 'F' },\n  name: 'lamp_state',\n  time: 1717509963000\n}\n","timestamp":"04-06 14:06:03 +00:00","type":"out","process_id":0,"app_name":"smart_lamp"}
{"message":"lamp_state\n","timestamp":"04-06 14:06:03 +00:00","type":"out","process_id":0,"app_name":"smart_lamp"}
{"message":"Lamp state updated\n","timestamp":"04-06 14:06:04 +00:00","type":"out","process_id":0,"app_name":"smart_lamp"}
{"message":"Message received from topic smart-lamp/device\n","timestamp":"04-06 14:06:07 +00:00","type":"out","process_id":0,"app_name":"smart_lamp"}
{"message":"Message : { device_id: '1', state: false, trigger: 'user', full_control: false }\n","timestamp":"04-06 14:06:07 +00:00","type":"out","process_id":0,"app_name":"smart_lamp"}
{"message":"Time : 6/4/2024, 2:06:07 PM\n","timestamp":"04-06 14:06:07 +00:00","type":"out","process_id":0,"app_name":"smart_lamp"}
{"message":"point : me {\n  tags: { device_id: '1' },\n  fields: { state: 'F', trigger: '\"user\"', full_control: 'F' },\n  name: 'lamp_state',\n  time: 1717509967000\n}\n","timestamp":"04-06 14:06:07 +00:00","type":"out","process_id":0,"app_name":"smart_lamp"}
{"message":"lamp_state\n","timestamp":"04-06 14:06:07 +00:00","type":"out","process_id":0,"app_name":"smart_lamp"}
{"message":"Lamp state updated\n","timestamp":"04-06 14:06:08 +00:00","type":"out","process_id":0,"app_name":"smart_lamp"}
{"message":"Message received from topic smart-lamp/device\n","timestamp":"04-06 14:07:26 +00:00","type":"out","process_id":0,"app_name":"smart_lamp"}
{"message":"Message : { device_id: '1', state: true, trigger: 'user', full_control: false }\n","timestamp":"04-06 14:07:26 +00:00","type":"out","process_id":0,"app_name":"smart_lamp"}
{"message":"Time : 6/4/2024, 2:07:26 PM\n","timestamp":"04-06 14:07:26 +00:00","type":"out","process_id":0,"app_name":"smart_lamp"}
{"message":"point : me {\n  tags: { device_id: '1' },\n  fields: { state: 'T', trigger: '\"user\"', full_control: 'F' },\n  name: 'lamp_state',\n  time: 1717510046000\n}\n","timestamp":"04-06 14:07:26 +00:00","type":"out","process_id":0,"app_name":"smart_lamp"}
{"message":"lamp_state\n","timestamp":"04-06 14:07:26 +00:00","type":"out","process_id":0,"app_name":"smart_lamp"}
{"message":"Lamp state updated\n","timestamp":"04-06 14:07:27 +00:00","type":"out","process_id":0,"app_name":"smart_lamp"}
{"message":"Message received from topic smart-lamp/device\n","timestamp":"04-06 14:07:29 +00:00","type":"out","process_id":0,"app_name":"smart_lamp"}
{"message":"Message : { device_id: '1', state: false, trigger: 'user', full_control: false }\n","timestamp":"04-06 14:07:29 +00:00","type":"out","process_id":0,"app_name":"smart_lamp"}
{"message":"Time : 6/4/2024, 2:07:29 PM\n","timestamp":"04-06 14:07:29 +00:00","type":"out","process_id":0,"app_name":"smart_lamp"}
{"message":"point : me {\n  tags: { device_id: '1' },\n  fields: { state: 'F', trigger: '\"user\"', full_control: 'F' },\n  name: 'lamp_state',\n  time: 1717510049000\n}\n","timestamp":"04-06 14:07:29 +00:00","type":"out","process_id":0,"app_name":"smart_lamp"}
{"message":"lamp_state\n","timestamp":"04-06 14:07:29 +00:00","type":"out","process_id":0,"app_name":"smart_lamp"}
{"message":"Lamp state updated\n","timestamp":"04-06 14:07:30 +00:00","type":"out","process_id":0,"app_name":"smart_lamp"}
{"message":"user with ip 127.0.0.1 disconnected\n","timestamp":"04-06 14:10:52 +00:00","type":"out","process_id":0,"app_name":"smart_lamp"}
{"message":"Message received from topic smart-lamp/device\n","timestamp":"04-06 14:11:33 +00:00","type":"out","process_id":0,"app_name":"smart_lamp"}
{"message":"Message : { device_id: 1, state: false, trigger: 'user', full_control: true }\n","timestamp":"04-06 14:11:33 +00:00","type":"out","process_id":0,"app_name":"smart_lamp"}
{"message":"Time : 6/4/2024, 2:11:33 PM\n","timestamp":"04-06 14:11:33 +00:00","type":"out","process_id":0,"app_name":"smart_lamp"}
{"message":"point : me {\n  tags: { device_id: 1 },\n  fields: { state: 'F', trigger: '\"user\"', full_control: 'T' },\n  name: 'lamp_state',\n  time: 1717510293000\n}\n","timestamp":"04-06 14:11:33 +00:00","type":"out","process_id":0,"app_name":"smart_lamp"}
{"message":"lamp_state\n","timestamp":"04-06 14:11:33 +00:00","type":"out","process_id":0,"app_name":"smart_lamp"}
{"message":"Lamp state updated\n","timestamp":"04-06 14:11:34 +00:00","type":"out","process_id":0,"app_name":"smart_lamp"}
{"message":"Message received from topic smart-lamp/device\n","timestamp":"04-06 14:11:48 +00:00","type":"out","process_id":0,"app_name":"smart_lamp"}
{"message":"Message : { device_id: 1, state: false, trigger: 'user', full_control: false }\n","timestamp":"04-06 14:11:48 +00:00","type":"out","process_id":0,"app_name":"smart_lamp"}
{"message":"Time : 6/4/2024, 2:11:48 PM\n","timestamp":"04-06 14:11:48 +00:00","type":"out","process_id":0,"app_name":"smart_lamp"}
{"message":"point : me {\n  tags: { device_id: 1 },\n  fields: { state: 'F', trigger: '\"user\"', full_control: 'F' },\n  name: 'lamp_state',\n  time: 1717510308000\n}\n","timestamp":"04-06 14:11:48 +00:00","type":"out","process_id":0,"app_name":"smart_lamp"}
{"message":"lamp_state\n","timestamp":"04-06 14:11:48 +00:00","type":"out","process_id":0,"app_name":"smart_lamp"}
{"message":"Lamp state updated\n","timestamp":"04-06 14:11:49 +00:00","type":"out","process_id":0,"app_name":"smart_lamp"}
{"message":"Message received from topic smart-lamp/device\n","timestamp":"04-06 14:12:00 +00:00","type":"out","process_id":0,"app_name":"smart_lamp"}
{"message":"Message : { device_id: 1, state: true, trigger: 'user', full_control: false }\n","timestamp":"04-06 14:12:00 +00:00","type":"out","process_id":0,"app_name":"smart_lamp"}
{"message":"Time : 6/4/2024, 2:12:00 PM\n","timestamp":"04-06 14:12:00 +00:00","type":"out","process_id":0,"app_name":"smart_lamp"}
{"message":"point : me {\n  tags: { device_id: 1 },\n  fields: { state: 'T', trigger: '\"user\"', full_control: 'F' },\n  name: 'lamp_state',\n  time: 1717510320000\n}\n","timestamp":"04-06 14:12:00 +00:00","type":"out","process_id":0,"app_name":"smart_lamp"}
{"message":"lamp_state\n","timestamp":"04-06 14:12:00 +00:00","type":"out","process_id":0,"app_name":"smart_lamp"}
{"message":"Lamp state updated\n","timestamp":"04-06 14:12:01 +00:00","type":"out","process_id":0,"app_name":"smart_lamp"}
{"message":"Message received from topic smart-lamp/device\n","timestamp":"04-06 14:12:09 +00:00","type":"out","process_id":0,"app_name":"smart_lamp"}
{"message":"Message : { device_id: 1, state: false, trigger: 'user', full_control: false }\n","timestamp":"04-06 14:12:09 +00:00","type":"out","process_id":0,"app_name":"smart_lamp"}
{"message":"Time : 6/4/2024, 2:12:09 PM\n","timestamp":"04-06 14:12:09 +00:00","type":"out","process_id":0,"app_name":"smart_lamp"}
{"message":"point : me {\n  tags: { device_id: 1 },\n  fields: { state: 'F', trigger: '\"user\"', full_control: 'F' },\n  name: 'lamp_state',\n  time: 1717510329000\n}\n","timestamp":"04-06 14:12:09 +00:00","type":"out","process_id":0,"app_name":"smart_lamp"}
{"message":"lamp_state\n","timestamp":"04-06 14:12:09 +00:00","type":"out","process_id":0,"app_name":"smart_lamp"}
{"message":"Lamp state updated\n","timestamp":"04-06 14:12:10 +00:00","type":"out","process_id":0,"app_name":"smart_lamp"}
{"message":"Message received from topic smart-lamp/device\n","timestamp":"04-06 14:12:21 +00:00","type":"out","process_id":0,"app_name":"smart_lamp"}
{"message":"Message : { device_id: 1, state: true, trigger: 'user', full_control: false }\n","timestamp":"04-06 14:12:21 +00:00","type":"out","process_id":0,"app_name":"smart_lamp"}
{"message":"Time : 6/4/2024, 2:12:21 PM\n","timestamp":"04-06 14:12:21 +00:00","type":"out","process_id":0,"app_name":"smart_lamp"}
{"message":"point : me {\n  tags: { device_id: 1 },\n  fields: { state: 'T', trigger: '\"user\"', full_control: 'F' },\n  name: 'lamp_state',\n  time: 1717510341000\n}\n","timestamp":"04-06 14:12:21 +00:00","type":"out","process_id":0,"app_name":"smart_lamp"}
{"message":"lamp_state\n","timestamp":"04-06 14:12:21 +00:00","type":"out","process_id":0,"app_name":"smart_lamp"}
{"message":"Lamp state updated\n","timestamp":"04-06 14:12:21 +00:00","type":"out","process_id":0,"app_name":"smart_lamp"}
{"message":"Message received from topic smart-lamp/device\n","timestamp":"04-06 14:12:28 +00:00","type":"out","process_id":0,"app_name":"smart_lamp"}
{"message":"Message : { device_id: 1, state: false, trigger: 'user', full_control: false }\n","timestamp":"04-06 14:12:28 +00:00","type":"out","process_id":0,"app_name":"smart_lamp"}
{"message":"Time : 6/4/2024, 2:12:28 PM\n","timestamp":"04-06 14:12:28 +00:00","type":"out","process_id":0,"app_name":"smart_lamp"}
{"message":"point : me {\n  tags: { device_id: 1 },\n  fields: { state: 'F', trigger: '\"user\"', full_control: 'F' },\n  name: 'lamp_state',\n  time: 1717510348000\n}\n","timestamp":"04-06 14:12:28 +00:00","type":"out","process_id":0,"app_name":"smart_lamp"}
{"message":"lamp_state\n","timestamp":"04-06 14:12:28 +00:00","type":"out","process_id":0,"app_name":"smart_lamp"}
{"message":"Lamp state updated\n","timestamp":"04-06 14:12:28 +00:00","type":"out","process_id":0,"app_name":"smart_lamp"}
{"message":"Server is running on port 3001\n","timestamp":"04-06 14:15:13 +00:00","type":"out","process_id":0,"app_name":"smart_lamp"}
{"message":"Connected to MQTT broker...\n","timestamp":"04-06 14:15:13 +00:00","type":"out","process_id":0,"app_name":"smart_lamp"}
{"message":"Server successfully subscribed to topic : smart-lamp/device\n","timestamp":"04-06 14:15:13 +00:00","type":"out","process_id":0,"app_name":"smart_lamp"}
{"message":"Waiting for MQTT messages...\n","timestamp":"04-06 14:15:13 +00:00","type":"out","process_id":0,"app_name":"smart_lamp"}
{"message":"Lamp state updated\n","timestamp":"04-06 14:15:14 +00:00","type":"out","process_id":0,"app_name":"smart_lamp"}
{"message":"user with ip 127.0.0.1 connected\n","timestamp":"04-06 14:15:18 +00:00","type":"out","process_id":0,"app_name":"smart_lamp"}
{"message":"Lamp state updated\n","timestamp":"04-06 14:15:34 +00:00","type":"out","process_id":0,"app_name":"smart_lamp"}
{"message":"Message received from topic smart-lamp/device\n","timestamp":"04-06 14:15:43 +00:00","type":"out","process_id":0,"app_name":"smart_lamp"}
{"message":"Message : { device_id: '1', state: true, trigger: 'user', full_control: false }\n","timestamp":"04-06 14:15:43 +00:00","type":"out","process_id":0,"app_name":"smart_lamp"}
{"message":"Time : 6/4/2024, 2:15:43 PM\n","timestamp":"04-06 14:15:43 +00:00","type":"out","process_id":0,"app_name":"smart_lamp"}
{"message":"point : me {\n  tags: { device_id: '1' },\n  fields: { state: 'T', trigger: '\"user\"', full_control: 'F' },\n  name: 'lamp_state',\n  time: 1717510543000\n}\n","timestamp":"04-06 14:15:43 +00:00","type":"out","process_id":0,"app_name":"smart_lamp"}
{"message":"lamp_state\n","timestamp":"04-06 14:15:43 +00:00","type":"out","process_id":0,"app_name":"smart_lamp"}
{"message":"Lamp state updated\n","timestamp":"04-06 14:15:43 +00:00","type":"out","process_id":0,"app_name":"smart_lamp"}
{"message":"Message received from topic smart-lamp/device\n","timestamp":"04-06 14:15:49 +00:00","type":"out","process_id":0,"app_name":"smart_lamp"}
{"message":"Message : { device_id: '1', state: false, trigger: 'user', full_control: false }\n","timestamp":"04-06 14:15:49 +00:00","type":"out","process_id":0,"app_name":"smart_lamp"}
{"message":"Time : 6/4/2024, 2:15:49 PM\n","timestamp":"04-06 14:15:49 +00:00","type":"out","process_id":0,"app_name":"smart_lamp"}
{"message":"point : me {\n  tags: { device_id: '1' },\n  fields: { state: 'F', trigger: '\"user\"', full_control: 'F' },\n  name: 'lamp_state',\n  time: 1717510549000\n}\n","timestamp":"04-06 14:15:49 +00:00","type":"out","process_id":0,"app_name":"smart_lamp"}
{"message":"lamp_state\n","timestamp":"04-06 14:15:49 +00:00","type":"out","process_id":0,"app_name":"smart_lamp"}
{"message":"Lamp state updated\n","timestamp":"04-06 14:15:49 +00:00","type":"out","process_id":0,"app_name":"smart_lamp"}
{"message":"user with ip 127.0.0.1 disconnected\n","timestamp":"04-06 14:16:02 +00:00","type":"out","process_id":0,"app_name":"smart_lamp"}
